<?xml version="1.0" encoding="UTF-8"?>
<testsuite xmlns:xsi="http://www.w3.org/2001/XMLSchema-instance" xsi:noNamespaceSchemaLocation="https://maven.apache.org/surefire/maven-surefire-plugin/xsd/surefire-test-report.xsd" name="tests.RunTest" time="10.363" tests="1" errors="0" skipped="0" failures="0">
  <properties>
    <property name="sun.desktop" value="gnome"/>
    <property name="awt.toolkit" value="sun.awt.X11.XToolkit"/>
    <property name="java.specification.version" value="11"/>
    <property name="sun.cpu.isalist" value=""/>
    <property name="sun.jnu.encoding" value="UTF-8"/>
    <property name="java.class.path" value="/home/lorenae/POC/POC_Web_Selenium_Java_JUnit/target/test-classes:/home/lorenae/POC/POC_Web_Selenium_Java_JUnit/target/classes:/home/lorenae/.m2/repository/junit/junit/4.13.2/junit-4.13.2.jar:/home/lorenae/.m2/repository/org/hamcrest/hamcrest-core/1.3/hamcrest-core-1.3.jar:/home/lorenae/.m2/repository/org/hamcrest/hamcrest-library/2.2/hamcrest-library-2.2.jar:/home/lorenae/.m2/repository/org/seleniumhq/selenium/selenium-java/3.12.0/selenium-java-3.12.0.jar:/home/lorenae/.m2/repository/org/seleniumhq/selenium/selenium-api/3.12.0/selenium-api-3.12.0.jar:/home/lorenae/.m2/repository/org/seleniumhq/selenium/selenium-chrome-driver/3.12.0/selenium-chrome-driver-3.12.0.jar:/home/lorenae/.m2/repository/org/seleniumhq/selenium/selenium-edge-driver/3.12.0/selenium-edge-driver-3.12.0.jar:/home/lorenae/.m2/repository/org/seleniumhq/selenium/selenium-firefox-driver/3.12.0/selenium-firefox-driver-3.12.0.jar:/home/lorenae/.m2/repository/org/seleniumhq/selenium/selenium-ie-driver/3.12.0/selenium-ie-driver-3.12.0.jar:/home/lorenae/.m2/repository/org/seleniumhq/selenium/selenium-opera-driver/3.12.0/selenium-opera-driver-3.12.0.jar:/home/lorenae/.m2/repository/org/seleniumhq/selenium/selenium-remote-driver/3.12.0/selenium-remote-driver-3.12.0.jar:/home/lorenae/.m2/repository/org/seleniumhq/selenium/selenium-safari-driver/3.12.0/selenium-safari-driver-3.12.0.jar:/home/lorenae/.m2/repository/org/seleniumhq/selenium/selenium-support/3.12.0/selenium-support-3.12.0.jar:/home/lorenae/.m2/repository/net/bytebuddy/byte-buddy/1.8.3/byte-buddy-1.8.3.jar:/home/lorenae/.m2/repository/org/apache/commons/commons-exec/1.3/commons-exec-1.3.jar:/home/lorenae/.m2/repository/commons-codec/commons-codec/1.10/commons-codec-1.10.jar:/home/lorenae/.m2/repository/commons-logging/commons-logging/1.2/commons-logging-1.2.jar:/home/lorenae/.m2/repository/com/google/code/gson/gson/2.8.2/gson-2.8.2.jar:/home/lorenae/.m2/repository/com/google/guava/guava/23.6-jre/guava-23.6-jre.jar:/home/lorenae/.m2/repository/com/google/code/findbugs/jsr305/1.3.9/jsr305-1.3.9.jar:/home/lorenae/.m2/repository/org/checkerframework/checker-compat-qual/2.0.0/checker-compat-qual-2.0.0.jar:/home/lorenae/.m2/repository/com/google/errorprone/error_prone_annotations/2.1.3/error_prone_annotations-2.1.3.jar:/home/lorenae/.m2/repository/com/google/j2objc/j2objc-annotations/1.1/j2objc-annotations-1.1.jar:/home/lorenae/.m2/repository/org/codehaus/mojo/animal-sniffer-annotations/1.14/animal-sniffer-annotations-1.14.jar:/home/lorenae/.m2/repository/org/apache/httpcomponents/httpclient/4.5.3/httpclient-4.5.3.jar:/home/lorenae/.m2/repository/org/apache/httpcomponents/httpcore/4.4.6/httpcore-4.4.6.jar:/home/lorenae/.m2/repository/com/squareup/okhttp3/okhttp/3.9.1/okhttp-3.9.1.jar:/home/lorenae/.m2/repository/com/squareup/okio/okio/1.13.0/okio-1.13.0.jar:/home/lorenae/.m2/repository/io/cucumber/cucumber-java/6.11.0/cucumber-java-6.11.0.jar:/home/lorenae/.m2/repository/io/cucumber/cucumber-core/6.11.0/cucumber-core-6.11.0.jar:/home/lorenae/.m2/repository/io/cucumber/cucumber-gherkin/6.11.0/cucumber-gherkin-6.11.0.jar:/home/lorenae/.m2/repository/io/cucumber/cucumber-gherkin-messages/6.11.0/cucumber-gherkin-messages-6.11.0.jar:/home/lorenae/.m2/repository/io/cucumber/messages/15.0.0/messages-15.0.0.jar:/home/lorenae/.m2/repository/io/cucumber/tag-expressions/3.0.1/tag-expressions-3.0.1.jar:/home/lorenae/.m2/repository/io/cucumber/cucumber-expressions/10.3.0/cucumber-expressions-10.3.0.jar:/home/lorenae/.m2/repository/io/cucumber/datatable/3.5.0/datatable-3.5.0.jar:/home/lorenae/.m2/repository/io/cucumber/cucumber-plugin/6.11.0/cucumber-plugin-6.11.0.jar:/home/lorenae/.m2/repository/io/cucumber/docstring/6.11.0/docstring-6.11.0.jar:/home/lorenae/.m2/repository/io/cucumber/html-formatter/13.0.0/html-formatter-13.0.0.jar:/home/lorenae/.m2/repository/io/cucumber/create-meta/4.0.0/create-meta-4.0.0.jar:/home/lorenae/.m2/repository/org/apiguardian/apiguardian-api/1.1.2/apiguardian-api-1.1.2.jar:/home/lorenae/.m2/repository/io/cucumber/cucumber-junit/6.11.0/cucumber-junit-6.11.0.jar:/home/lorenae/.m2/repository/io/cucumber/cucumber-picocontainer/6.11.0/cucumber-picocontainer-6.11.0.jar:/home/lorenae/.m2/repository/org/picocontainer/picocontainer/2.15/picocontainer-2.15.jar:/home/lorenae/.m2/repository/io/rest-assured/rest-assured/4.4.0/rest-assured-4.4.0.jar:/home/lorenae/.m2/repository/org/codehaus/groovy/groovy/3.0.8/groovy-3.0.8.jar:/home/lorenae/.m2/repository/org/codehaus/groovy/groovy-xml/3.0.8/groovy-xml-3.0.8.jar:/home/lorenae/.m2/repository/org/apache/httpcomponents/httpmime/4.5.13/httpmime-4.5.13.jar:/home/lorenae/.m2/repository/org/hamcrest/hamcrest/2.1/hamcrest-2.1.jar:/home/lorenae/.m2/repository/org/ccil/cowan/tagsoup/tagsoup/1.2.1/tagsoup-1.2.1.jar:/home/lorenae/.m2/repository/io/rest-assured/xml-path/4.4.0/xml-path-4.4.0.jar:/home/lorenae/.m2/repository/org/apache/commons/commons-lang3/3.11/commons-lang3-3.11.jar:/home/lorenae/.m2/repository/jakarta/xml/bind/jakarta.xml.bind-api/2.3.3/jakarta.xml.bind-api-2.3.3.jar:/home/lorenae/.m2/repository/jakarta/activation/jakarta.activation-api/1.2.2/jakarta.activation-api-1.2.2.jar:/home/lorenae/.m2/repository/com/sun/xml/bind/jaxb-impl/2.3.3/jaxb-impl-2.3.3.jar:/home/lorenae/.m2/repository/io/rest-assured/json-path/4.4.0/json-path-4.4.0.jar:/home/lorenae/.m2/repository/org/codehaus/groovy/groovy-json/3.0.8/groovy-json-3.0.8.jar:/home/lorenae/.m2/repository/io/rest-assured/rest-assured-common/4.4.0/rest-assured-common-4.4.0.jar:/home/lorenae/.m2/repository/io/rest-assured/json-schema-validator/4.4.0/json-schema-validator-4.4.0.jar:/home/lorenae/.m2/repository/com/github/java-json-tools/json-schema-validator/2.2.14/json-schema-validator-2.2.14.jar:/home/lorenae/.m2/repository/com/github/java-json-tools/jackson-coreutils-equivalence/1.0/jackson-coreutils-equivalence-1.0.jar:/home/lorenae/.m2/repository/com/github/java-json-tools/jackson-coreutils/2.0/jackson-coreutils-2.0.jar:/home/lorenae/.m2/repository/com/github/java-json-tools/msg-simple/1.2/msg-simple-1.2.jar:/home/lorenae/.m2/repository/com/github/java-json-tools/btf/1.3/btf-1.3.jar:/home/lorenae/.m2/repository/com/github/java-json-tools/json-schema-core/1.2.14/json-schema-core-1.2.14.jar:/home/lorenae/.m2/repository/com/github/java-json-tools/uri-template/0.10/uri-template-0.10.jar:/home/lorenae/.m2/repository/org/mozilla/rhino/1.7.7.2/rhino-1.7.7.2.jar:/home/lorenae/.m2/repository/com/sun/mail/mailapi/1.6.2/mailapi-1.6.2.jar:/home/lorenae/.m2/repository/joda-time/joda-time/2.10.5/joda-time-2.10.5.jar:/home/lorenae/.m2/repository/com/googlecode/libphonenumber/libphonenumber/8.11.1/libphonenumber-8.11.1.jar:/home/lorenae/.m2/repository/net/sf/jopt-simple/jopt-simple/5.0.4/jopt-simple-5.0.4.jar:/home/lorenae/.m2/repository/com/fasterxml/jackson/core/jackson-databind/2.12.5/jackson-databind-2.12.5.jar:/home/lorenae/.m2/repository/com/fasterxml/jackson/core/jackson-annotations/2.12.5/jackson-annotations-2.12.5.jar:/home/lorenae/.m2/repository/com/fasterxml/jackson/core/jackson-core/2.12.5/jackson-core-2.12.5.jar:/home/lorenae/.m2/repository/tech/grasshopper/extentreports-cucumber6-adapter/2.8.4/extentreports-cucumber6-adapter-2.8.4.jar:/home/lorenae/.m2/repository/com/aventstack/extentreports/5.0.8/extentreports-5.0.8.jar:/home/lorenae/.m2/repository/io/reactivex/rxjava3/rxjava/3.0.4/rxjava-3.0.4.jar:/home/lorenae/.m2/repository/org/reactivestreams/reactive-streams/1.0.3/reactive-streams-1.0.3.jar:/home/lorenae/.m2/repository/org/freemarker/freemarker/2.3.30/freemarker-2.3.30.jar:/home/lorenae/.m2/repository/org/projectlombok/lombok/1.18.12/lombok-1.18.12.jar:/home/lorenae/.m2/repository/tech/grasshopper/extent-pdf-report/1.7.4/extent-pdf-report-1.7.4.jar:/home/lorenae/.m2/repository/tech/grasshopper/cucumber-pdf-report/2.2.4/cucumber-pdf-report-2.2.4.jar:/home/lorenae/.m2/repository/org/apache/pdfbox/pdfbox/2.0.22/pdfbox-2.0.22.jar:/home/lorenae/.m2/repository/org/apache/pdfbox/fontbox/2.0.22/fontbox-2.0.22.jar:/home/lorenae/.m2/repository/org/knowm/xchart/xchart/3.8.0/xchart-3.8.0.jar:/home/lorenae/.m2/repository/de/erichseifert/vectorgraphics2d/VectorGraphics2D/0.13/VectorGraphics2D-0.13.jar:/home/lorenae/.m2/repository/de/rototor/pdfbox/graphics2d/0.30/graphics2d-0.30.jar:/home/lorenae/.m2/repository/com/madgag/animated-gif-lib/1.4/animated-gif-lib-1.4.jar:/home/lorenae/.m2/repository/org/yaml/snakeyaml/1.28/snakeyaml-1.28.jar:/home/lorenae/.m2/repository/tech/grasshopper/table-layout/1.2.0/table-layout-1.2.0.jar:/home/lorenae/.m2/repository/org/jsoup/jsoup/1.13.1/jsoup-1.13.1.jar:/home/lorenae/.m2/repository/com/aventstack/klov-reporter/5.0.8/klov-reporter-5.0.8.jar:/home/lorenae/.m2/repository/org/mongodb/bson/3.6.4/bson-3.6.4.jar:/home/lorenae/.m2/repository/org/mongodb/mongodb-driver/3.3.0/mongodb-driver-3.3.0.jar:/home/lorenae/.m2/repository/org/mongodb/mongodb-driver-core/3.3.0/mongodb-driver-core-3.3.0.jar:/home/lorenae/.m2/repository/org/jetbrains/annotations/23.0.0/annotations-23.0.0.jar:"/>
    <property name="java.vm.vendor" value="Private Build"/>
    <property name="sun.arch.data.model" value="64"/>
    <property name="java.vendor.url" value="Unknown"/>
    <property name="user.timezone" value=""/>
    <property name="user.country.format" value="BR"/>
    <property name="java.vm.specification.version" value="11"/>
    <property name="os.name" value="Linux"/>
    <property name="sun.java.launcher" value="SUN_STANDARD"/>
    <property name="user.country" value="US"/>
    <property name="sun.boot.library.path" value="/usr/lib/jvm/java-11-openjdk-amd64/lib"/>
    <property name="sun.java.command" value="/home/lorenae/POC/POC_Web_Selenium_Java_JUnit/target/surefire/surefirebooter14558961719691369300.jar /home/lorenae/POC/POC_Web_Selenium_Java_JUnit/target/surefire 2022-05-31T17-59-51_400-jvmRun1 surefire11807452800922162623tmp surefire_013735203351749099101tmp"/>
    <property name="jdk.debug" value="release"/>
    <property name="surefire.test.class.path" value="/home/lorenae/POC/POC_Web_Selenium_Java_JUnit/target/test-classes:/home/lorenae/POC/POC_Web_Selenium_Java_JUnit/target/classes:/home/lorenae/.m2/repository/junit/junit/4.13.2/junit-4.13.2.jar:/home/lorenae/.m2/repository/org/hamcrest/hamcrest-core/1.3/hamcrest-core-1.3.jar:/home/lorenae/.m2/repository/org/hamcrest/hamcrest-library/2.2/hamcrest-library-2.2.jar:/home/lorenae/.m2/repository/org/seleniumhq/selenium/selenium-java/3.12.0/selenium-java-3.12.0.jar:/home/lorenae/.m2/repository/org/seleniumhq/selenium/selenium-api/3.12.0/selenium-api-3.12.0.jar:/home/lorenae/.m2/repository/org/seleniumhq/selenium/selenium-chrome-driver/3.12.0/selenium-chrome-driver-3.12.0.jar:/home/lorenae/.m2/repository/org/seleniumhq/selenium/selenium-edge-driver/3.12.0/selenium-edge-driver-3.12.0.jar:/home/lorenae/.m2/repository/org/seleniumhq/selenium/selenium-firefox-driver/3.12.0/selenium-firefox-driver-3.12.0.jar:/home/lorenae/.m2/repository/org/seleniumhq/selenium/selenium-ie-driver/3.12.0/selenium-ie-driver-3.12.0.jar:/home/lorenae/.m2/repository/org/seleniumhq/selenium/selenium-opera-driver/3.12.0/selenium-opera-driver-3.12.0.jar:/home/lorenae/.m2/repository/org/seleniumhq/selenium/selenium-remote-driver/3.12.0/selenium-remote-driver-3.12.0.jar:/home/lorenae/.m2/repository/org/seleniumhq/selenium/selenium-safari-driver/3.12.0/selenium-safari-driver-3.12.0.jar:/home/lorenae/.m2/repository/org/seleniumhq/selenium/selenium-support/3.12.0/selenium-support-3.12.0.jar:/home/lorenae/.m2/repository/net/bytebuddy/byte-buddy/1.8.3/byte-buddy-1.8.3.jar:/home/lorenae/.m2/repository/org/apache/commons/commons-exec/1.3/commons-exec-1.3.jar:/home/lorenae/.m2/repository/commons-codec/commons-codec/1.10/commons-codec-1.10.jar:/home/lorenae/.m2/repository/commons-logging/commons-logging/1.2/commons-logging-1.2.jar:/home/lorenae/.m2/repository/com/google/code/gson/gson/2.8.2/gson-2.8.2.jar:/home/lorenae/.m2/repository/com/google/guava/guava/23.6-jre/guava-23.6-jre.jar:/home/lorenae/.m2/repository/com/google/code/findbugs/jsr305/1.3.9/jsr305-1.3.9.jar:/home/lorenae/.m2/repository/org/checkerframework/checker-compat-qual/2.0.0/checker-compat-qual-2.0.0.jar:/home/lorenae/.m2/repository/com/google/errorprone/error_prone_annotations/2.1.3/error_prone_annotations-2.1.3.jar:/home/lorenae/.m2/repository/com/google/j2objc/j2objc-annotations/1.1/j2objc-annotations-1.1.jar:/home/lorenae/.m2/repository/org/codehaus/mojo/animal-sniffer-annotations/1.14/animal-sniffer-annotations-1.14.jar:/home/lorenae/.m2/repository/org/apache/httpcomponents/httpclient/4.5.3/httpclient-4.5.3.jar:/home/lorenae/.m2/repository/org/apache/httpcomponents/httpcore/4.4.6/httpcore-4.4.6.jar:/home/lorenae/.m2/repository/com/squareup/okhttp3/okhttp/3.9.1/okhttp-3.9.1.jar:/home/lorenae/.m2/repository/com/squareup/okio/okio/1.13.0/okio-1.13.0.jar:/home/lorenae/.m2/repository/io/cucumber/cucumber-java/6.11.0/cucumber-java-6.11.0.jar:/home/lorenae/.m2/repository/io/cucumber/cucumber-core/6.11.0/cucumber-core-6.11.0.jar:/home/lorenae/.m2/repository/io/cucumber/cucumber-gherkin/6.11.0/cucumber-gherkin-6.11.0.jar:/home/lorenae/.m2/repository/io/cucumber/cucumber-gherkin-messages/6.11.0/cucumber-gherkin-messages-6.11.0.jar:/home/lorenae/.m2/repository/io/cucumber/messages/15.0.0/messages-15.0.0.jar:/home/lorenae/.m2/repository/io/cucumber/tag-expressions/3.0.1/tag-expressions-3.0.1.jar:/home/lorenae/.m2/repository/io/cucumber/cucumber-expressions/10.3.0/cucumber-expressions-10.3.0.jar:/home/lorenae/.m2/repository/io/cucumber/datatable/3.5.0/datatable-3.5.0.jar:/home/lorenae/.m2/repository/io/cucumber/cucumber-plugin/6.11.0/cucumber-plugin-6.11.0.jar:/home/lorenae/.m2/repository/io/cucumber/docstring/6.11.0/docstring-6.11.0.jar:/home/lorenae/.m2/repository/io/cucumber/html-formatter/13.0.0/html-formatter-13.0.0.jar:/home/lorenae/.m2/repository/io/cucumber/create-meta/4.0.0/create-meta-4.0.0.jar:/home/lorenae/.m2/repository/org/apiguardian/apiguardian-api/1.1.2/apiguardian-api-1.1.2.jar:/home/lorenae/.m2/repository/io/cucumber/cucumber-junit/6.11.0/cucumber-junit-6.11.0.jar:/home/lorenae/.m2/repository/io/cucumber/cucumber-picocontainer/6.11.0/cucumber-picocontainer-6.11.0.jar:/home/lorenae/.m2/repository/org/picocontainer/picocontainer/2.15/picocontainer-2.15.jar:/home/lorenae/.m2/repository/io/rest-assured/rest-assured/4.4.0/rest-assured-4.4.0.jar:/home/lorenae/.m2/repository/org/codehaus/groovy/groovy/3.0.8/groovy-3.0.8.jar:/home/lorenae/.m2/repository/org/codehaus/groovy/groovy-xml/3.0.8/groovy-xml-3.0.8.jar:/home/lorenae/.m2/repository/org/apache/httpcomponents/httpmime/4.5.13/httpmime-4.5.13.jar:/home/lorenae/.m2/repository/org/hamcrest/hamcrest/2.1/hamcrest-2.1.jar:/home/lorenae/.m2/repository/org/ccil/cowan/tagsoup/tagsoup/1.2.1/tagsoup-1.2.1.jar:/home/lorenae/.m2/repository/io/rest-assured/xml-path/4.4.0/xml-path-4.4.0.jar:/home/lorenae/.m2/repository/org/apache/commons/commons-lang3/3.11/commons-lang3-3.11.jar:/home/lorenae/.m2/repository/jakarta/xml/bind/jakarta.xml.bind-api/2.3.3/jakarta.xml.bind-api-2.3.3.jar:/home/lorenae/.m2/repository/jakarta/activation/jakarta.activation-api/1.2.2/jakarta.activation-api-1.2.2.jar:/home/lorenae/.m2/repository/com/sun/xml/bind/jaxb-impl/2.3.3/jaxb-impl-2.3.3.jar:/home/lorenae/.m2/repository/io/rest-assured/json-path/4.4.0/json-path-4.4.0.jar:/home/lorenae/.m2/repository/org/codehaus/groovy/groovy-json/3.0.8/groovy-json-3.0.8.jar:/home/lorenae/.m2/repository/io/rest-assured/rest-assured-common/4.4.0/rest-assured-common-4.4.0.jar:/home/lorenae/.m2/repository/io/rest-assured/json-schema-validator/4.4.0/json-schema-validator-4.4.0.jar:/home/lorenae/.m2/repository/com/github/java-json-tools/json-schema-validator/2.2.14/json-schema-validator-2.2.14.jar:/home/lorenae/.m2/repository/com/github/java-json-tools/jackson-coreutils-equivalence/1.0/jackson-coreutils-equivalence-1.0.jar:/home/lorenae/.m2/repository/com/github/java-json-tools/jackson-coreutils/2.0/jackson-coreutils-2.0.jar:/home/lorenae/.m2/repository/com/github/java-json-tools/msg-simple/1.2/msg-simple-1.2.jar:/home/lorenae/.m2/repository/com/github/java-json-tools/btf/1.3/btf-1.3.jar:/home/lorenae/.m2/repository/com/github/java-json-tools/json-schema-core/1.2.14/json-schema-core-1.2.14.jar:/home/lorenae/.m2/repository/com/github/java-json-tools/uri-template/0.10/uri-template-0.10.jar:/home/lorenae/.m2/repository/org/mozilla/rhino/1.7.7.2/rhino-1.7.7.2.jar:/home/lorenae/.m2/repository/com/sun/mail/mailapi/1.6.2/mailapi-1.6.2.jar:/home/lorenae/.m2/repository/joda-time/joda-time/2.10.5/joda-time-2.10.5.jar:/home/lorenae/.m2/repository/com/googlecode/libphonenumber/libphonenumber/8.11.1/libphonenumber-8.11.1.jar:/home/lorenae/.m2/repository/net/sf/jopt-simple/jopt-simple/5.0.4/jopt-simple-5.0.4.jar:/home/lorenae/.m2/repository/com/fasterxml/jackson/core/jackson-databind/2.12.5/jackson-databind-2.12.5.jar:/home/lorenae/.m2/repository/com/fasterxml/jackson/core/jackson-annotations/2.12.5/jackson-annotations-2.12.5.jar:/home/lorenae/.m2/repository/com/fasterxml/jackson/core/jackson-core/2.12.5/jackson-core-2.12.5.jar:/home/lorenae/.m2/repository/tech/grasshopper/extentreports-cucumber6-adapter/2.8.4/extentreports-cucumber6-adapter-2.8.4.jar:/home/lorenae/.m2/repository/com/aventstack/extentreports/5.0.8/extentreports-5.0.8.jar:/home/lorenae/.m2/repository/io/reactivex/rxjava3/rxjava/3.0.4/rxjava-3.0.4.jar:/home/lorenae/.m2/repository/org/reactivestreams/reactive-streams/1.0.3/reactive-streams-1.0.3.jar:/home/lorenae/.m2/repository/org/freemarker/freemarker/2.3.30/freemarker-2.3.30.jar:/home/lorenae/.m2/repository/org/projectlombok/lombok/1.18.12/lombok-1.18.12.jar:/home/lorenae/.m2/repository/tech/grasshopper/extent-pdf-report/1.7.4/extent-pdf-report-1.7.4.jar:/home/lorenae/.m2/repository/tech/grasshopper/cucumber-pdf-report/2.2.4/cucumber-pdf-report-2.2.4.jar:/home/lorenae/.m2/repository/org/apache/pdfbox/pdfbox/2.0.22/pdfbox-2.0.22.jar:/home/lorenae/.m2/repository/org/apache/pdfbox/fontbox/2.0.22/fontbox-2.0.22.jar:/home/lorenae/.m2/repository/org/knowm/xchart/xchart/3.8.0/xchart-3.8.0.jar:/home/lorenae/.m2/repository/de/erichseifert/vectorgraphics2d/VectorGraphics2D/0.13/VectorGraphics2D-0.13.jar:/home/lorenae/.m2/repository/de/rototor/pdfbox/graphics2d/0.30/graphics2d-0.30.jar:/home/lorenae/.m2/repository/com/madgag/animated-gif-lib/1.4/animated-gif-lib-1.4.jar:/home/lorenae/.m2/repository/org/yaml/snakeyaml/1.28/snakeyaml-1.28.jar:/home/lorenae/.m2/repository/tech/grasshopper/table-layout/1.2.0/table-layout-1.2.0.jar:/home/lorenae/.m2/repository/org/jsoup/jsoup/1.13.1/jsoup-1.13.1.jar:/home/lorenae/.m2/repository/com/aventstack/klov-reporter/5.0.8/klov-reporter-5.0.8.jar:/home/lorenae/.m2/repository/org/mongodb/bson/3.6.4/bson-3.6.4.jar:/home/lorenae/.m2/repository/org/mongodb/mongodb-driver/3.3.0/mongodb-driver-3.3.0.jar:/home/lorenae/.m2/repository/org/mongodb/mongodb-driver-core/3.3.0/mongodb-driver-core-3.3.0.jar:/home/lorenae/.m2/repository/org/jetbrains/annotations/23.0.0/annotations-23.0.0.jar:"/>
    <property name="sun.cpu.endian" value="little"/>
    <property name="user.home" value="/home/lorenae"/>
    <property name="user.language" value="en"/>
    <property name="java.specification.vendor" value="Oracle Corporation"/>
    <property name="java.version.date" value="2022-04-19"/>
    <property name="java.home" value="/usr/lib/jvm/java-11-openjdk-amd64"/>
    <property name="file.separator" value="/"/>
    <property name="basedir" value="/home/lorenae/POC/POC_Web_Selenium_Java_JUnit"/>
    <property name="java.vm.compressedOopsMode" value="Zero based"/>
    <property name="line.separator" value="&#10;"/>
    <property name="java.specification.name" value="Java Platform API Specification"/>
    <property name="java.vm.specification.vendor" value="Oracle Corporation"/>
    <property name="java.awt.graphicsenv" value="sun.awt.X11GraphicsEnvironment"/>
    <property name="surefire.real.class.path" value="/home/lorenae/POC/POC_Web_Selenium_Java_JUnit/target/surefire/surefirebooter14558961719691369300.jar"/>
    <property name="sun.management.compiler" value="HotSpot 64-Bit Tiered Compilers"/>
    <property name="java.runtime.version" value="11.0.15+10-Ubuntu-0ubuntu0.20.04.1"/>
    <property name="user.name" value="CIANDT\lorenae"/>
    <property name="path.separator" value=":"/>
    <property name="os.version" value="5.13.0-44-generic"/>
    <property name="java.runtime.name" value="OpenJDK Runtime Environment"/>
    <property name="file.encoding" value="UTF-8"/>
    <property name="java.vm.name" value="OpenJDK 64-Bit Server VM"/>
    <property name="localRepository" value="/home/lorenae/.m2/repository"/>
    <property name="java.vendor.url.bug" value="Unknown"/>
    <property name="java.io.tmpdir" value="/tmp"/>
    <property name="java.version" value="11.0.15"/>
    <property name="user.dir" value="/home/lorenae/POC/POC_Web_Selenium_Java_JUnit"/>
    <property name="os.arch" value="amd64"/>
    <property name="java.vm.specification.name" value="Java Virtual Machine Specification"/>
    <property name="java.awt.printerjob" value="sun.print.PSPrinterJob"/>
    <property name="user.language.format" value="pt"/>
    <property name="sun.os.patch.level" value="unknown"/>
    <property name="java.library.path" value="/usr/java/packages/lib:/usr/lib/x86_64-linux-gnu/jni:/lib/x86_64-linux-gnu:/usr/lib/x86_64-linux-gnu:/usr/lib/jni:/lib:/usr/lib"/>
    <property name="java.vm.info" value="mixed mode, sharing"/>
    <property name="java.vendor" value="Private Build"/>
    <property name="java.vm.version" value="11.0.15+10-Ubuntu-0ubuntu0.20.04.1"/>
    <property name="sun.io.unicode.encoding" value="UnicodeLittle"/>
    <property name="java.class.version" value="55.0"/>
  </properties>
  <testcase name="Carrinho vazio" classname="Carrinho" time="8.67"/>
</testsuite>